<?xml version="1.0" encoding="UTF-8"?>
<!-- Generated by org.testng.reporters.JUnitReportReporter -->
<testsuite hostname="PC29024" name="testng01.list_lestng.apptest" tests="1" failures="0" timestamp="10 Jul 2020 11:45:52 GMT" time="0.021" errors="0">
  <testcase name="varify_search_test" time="0.021" classname="testng01.list_lestng.apptest"/>
</testsuite> <!-- testng01.list_lestng.apptest -->
